<html>
<body>
<pre>
<h1>Vision Build Log</h1>
<h2>Tool Versions:</h2>
IDE-Version: μVision V5.14.0.0
Copyright (C) 2015 ARM Ltd and ARM Germany GmbH. All rights reserved.
License Information: Q Q, Q, LIC=Y2BZ9-4VSZI-KTQ3H-WB94E-YISF8-3I5FV
 
Tool Versions:
Toolchain:       MDK-ARM Professional  Version: 5.14.0.0
Toolchain Path:  G:\MDK5 for WIN10\ARM\ARMCC\Bin
C Compiler:      Armcc.exe V5.05 update 1 (build 106)
Assembler:       Armasm.exe V5.05 update 1 (build 106)
Linker/Locator:  ArmLink.exe V5.05 update 1 (build 106)
Library Manager: ArmAr.exe V5.05 update 1 (build 106)
Hex Converter:   FromElf.exe V5.05 update 1 (build 106)
CPU DLL:         SARMCM3.DLL V5.14.0.0
Dialog DLL:      DCM.DLL V1.13.1.0
Target DLL:      Segger\JL2CM3.dll V2.99.13.0
Dialog DLL:      TCM.DLL V1.14.4.0
 
<h2>Project:</h2>
F:\嵌入式资料\Captain飞控\代码\subcontrol\subcontrol\USER\OV2640.uvprojx
Project File Date:  10/17/2017

<h2>Output:</h2>
Build target 'OV2640'
compiling main.c...
main.c(33): warning:  #177-D: variable "len" was declared but never referenced
        u8 len;
main.c(34): warning:  #177-D: variable "len2" was declared but never referenced
        u8 len2;
main.c(35): warning:  #177-D: variable "t" was declared but never referenced
        u8 t;
main.c(65): error:  #29: expected an expression
        for(int i = 0; i < 2; i++){
main.c(65): error:  #20: identifier "i" is undefined
        for(int i = 0; i < 2; i++){
main.c(74): error:  #29: expected an expression
        for(int i = 0; i < 2; i++){
main.c(74): error:  #20: identifier "i" is undefined
        for(int i = 0; i < 2; i++){
main.c(72): warning:  #177-D: variable "success" was declared but never referenced
        u8 success = 0;
main.c(89): error:  #29: expected an expression
        for(int i = 0; i < 3; i++){
main.c(89): error:  #20: identifier "i" is undefined
        for(int i = 0; i < 3; i++){
main.c(103): error:  #29: expected an expression
        for(int i = 0; i < 3; i++){
main.c(103): error:  #20: identifier "i" is undefined
        for(int i = 0; i < 3; i++){
main.c(117): error:  #29: expected an expression
        for(int i = 0; i < 4; i++){
main.c(117): error:  #20: identifier "i" is undefined
        for(int i = 0; i < 4; i++){
main.c(129): error:  #268: declaration may not appear after executable statement in block
        int i = 5;
main.c(141): error:  #29: expected an expression
        for(int i = 0; i < 3; i++){
main.c(141): error:  #20: identifier "i" is undefined
        for(int i = 0; i < 3; i++){
main.c(156): error:  #29: expected an expression
        for(int i = 0; i < 7; i++){
main.c(156): error:  #20: identifier "i" is undefined
        for(int i = 0; i < 7; i++){
main.c(171): error:  #29: expected an expression
        for(int i = 0; i < 7; i++){
main.c(171): error:  #20: identifier "i" is undefined
        for(int i = 0; i < 7; i++){
main.c(186): error:  #29: expected an expression
        for(int i = 0; i < 5; i++){
main.c(186): error:  #20: identifier "i" is undefined
        for(int i = 0; i < 5; i++){
main.c: 4 warnings, 19 errors
compiling stm32f4xx_it.c...
compiling system_stm32f4xx.c...
compiling led.c...
compiling wifi.c...
compiling delay.c...
compiling sys.c...
compiling usart.c...
assembling startup_stm32f40_41xxx.s...
compiling misc.c...
compiling stm32f4xx_gpio.c...
compiling stm32f4xx_syscfg.c...
compiling stm32f4xx_usart.c...
compiling stm32f4xx_tim.c...
compiling stm32f4xx_rcc.c...
compiling stm32f4xx_dma.c...
compiling stm32f4xx_fsmc.c...
"..\OBJ\OV2640.axf" - 19 Error(s), 4 Warning(s).

<h2>Collection of Component include folders:</h2>
  F:\嵌入式资料\Captain飞控\代码\subcontrol\subcontrol\USER\RTE

<h2>Collection of Component Files used:</h2>
Target not created.
</pre>
</body>
</html>
